<!DOCTYPE suite SYSTEM "http://testng.org/testng-1.0.dtd">

<suite name="SuiteSampleBoardsTests" verbose="1">
    <test name="TestBoards">
        <classes>
            <class name="com.wp.minimax.AppTestSampleBoardsTestNg" />
        </classes>
    </test>
</suite>